2022-06-15 15:40:46.657  INFO 31664 --- [restartedMain] b.c.j.d.DiabeteshopJosildaApplication    : Starting DiabeteshopJosildaApplication using Java 1.8.0_332 on Josilda with PID 31664 (C:\Users\josil\OneDrive\Documentos\GitHub\pweb_2021.2_josildaGomes\diabeteshop_josilda\target\classes started by josil in C:\Users\josil\OneDrive\Documentos\GitHub\pweb_2021.2_josildaGomes\diabeteshop_josilda)
2022-06-15 15:40:46.671  INFO 31664 --- [restartedMain] b.c.j.d.DiabeteshopJosildaApplication    : No active profile set, falling back to 1 default profile: "default"
2022-06-15 15:40:46.775  INFO 31664 --- [restartedMain] .e.DevToolsPropertyDefaultsPostProcessor : Devtools property defaults active! Set 'spring.devtools.add-properties' to 'false' to disable
2022-06-15 15:40:46.777  INFO 31664 --- [restartedMain] .e.DevToolsPropertyDefaultsPostProcessor : For additional web related logging consider setting the 'logging.level.web' property to 'DEBUG'
2022-06-15 15:40:48.118  INFO 31664 --- [restartedMain] .s.d.r.c.RepositoryConfigurationDelegate : Bootstrapping Spring Data JPA repositories in DEFAULT mode.
2022-06-15 15:40:48.304  INFO 31664 --- [restartedMain] .s.d.r.c.RepositoryConfigurationDelegate : Finished Spring Data repository scanning in 156 ms. Found 2 JPA repository interfaces.
2022-06-15 15:40:50.023  INFO 31664 --- [restartedMain] o.s.b.w.embedded.tomcat.TomcatWebServer  : Tomcat initialized with port(s): 8080 (http)
2022-06-15 15:40:50.040  INFO 31664 --- [restartedMain] o.apache.catalina.core.StandardService   : Starting service [Tomcat]
2022-06-15 15:40:50.041  INFO 31664 --- [restartedMain] org.apache.catalina.core.StandardEngine  : Starting Servlet engine: [Apache Tomcat/9.0.62]
2022-06-15 15:40:50.202  INFO 31664 --- [restartedMain] o.a.c.c.C.[Tomcat].[localhost].[/]       : Initializing Spring embedded WebApplicationContext
2022-06-15 15:40:50.202  INFO 31664 --- [restartedMain] w.s.c.ServletWebServerApplicationContext : Root WebApplicationContext: initialization completed in 3424 ms
2022-06-15 15:40:50.257  INFO 31664 --- [restartedMain] com.zaxxer.hikari.HikariDataSource       : HikariPool-1 - Starting...
2022-06-15 15:40:50.654  INFO 31664 --- [restartedMain] com.zaxxer.hikari.HikariDataSource       : HikariPool-1 - Start completed.
2022-06-15 15:40:50.667  INFO 31664 --- [restartedMain] o.s.b.a.h2.H2ConsoleAutoConfiguration    : H2 console available at '/h2-console'. Database available at 'jdbc:h2:mem:diabeteshop'
2022-06-15 15:40:52.779  INFO 31664 --- [restartedMain] j.LocalContainerEntityManagerFactoryBean : Initialized JPA EntityManagerFactory for persistence unit 'default'
2022-06-15 15:40:53.734  INFO 31664 --- [restartedMain] o.s.b.a.w.s.WelcomePageHandlerMapping    : Adding welcome page template: index
2022-06-15 15:40:53.997  INFO 31664 --- [restartedMain] o.s.b.d.a.OptionalLiveReloadServer       : LiveReload server is running on port 35729
2022-06-15 15:40:54.060  INFO 31664 --- [restartedMain] o.s.b.w.embedded.tomcat.TomcatWebServer  : Tomcat started on port(s): 8080 (http) with context path ''
2022-06-15 15:40:54.076  INFO 31664 --- [restartedMain] b.c.j.d.DiabeteshopJosildaApplication    : Started DiabeteshopJosildaApplication in 8.068 seconds (JVM running for 8.8)
2022-06-15 15:45:31.508  INFO 29676 --- [restartedMain] b.c.j.d.DiabeteshopJosildaApplication    : Starting DiabeteshopJosildaApplication using Java 1.8.0_332 on Josilda with PID 29676 (C:\Users\josil\OneDrive\Documentos\GitHub\pweb_2021.2_josildaGomes\diabeteshop_josilda\target\classes started by josil in C:\Users\josil\OneDrive\Documentos\GitHub\pweb_2021.2_josildaGomes\diabeteshop_josilda)
2022-06-15 15:45:31.512  INFO 29676 --- [restartedMain] b.c.j.d.DiabeteshopJosildaApplication    : No active profile set, falling back to 1 default profile: "default"
2022-06-15 15:45:31.612  INFO 29676 --- [restartedMain] .e.DevToolsPropertyDefaultsPostProcessor : Devtools property defaults active! Set 'spring.devtools.add-properties' to 'false' to disable
2022-06-15 15:45:31.613  INFO 29676 --- [restartedMain] .e.DevToolsPropertyDefaultsPostProcessor : For additional web related logging consider setting the 'logging.level.web' property to 'DEBUG'
2022-06-15 15:45:32.870  INFO 29676 --- [restartedMain] .s.d.r.c.RepositoryConfigurationDelegate : Bootstrapping Spring Data JPA repositories in DEFAULT mode.
2022-06-15 15:45:32.991  INFO 29676 --- [restartedMain] .s.d.r.c.RepositoryConfigurationDelegate : Finished Spring Data repository scanning in 95 ms. Found 2 JPA repository interfaces.
2022-06-15 15:45:34.301  INFO 29676 --- [restartedMain] o.s.b.w.embedded.tomcat.TomcatWebServer  : Tomcat initialized with port(s): 8080 (http)
2022-06-15 15:45:34.329  INFO 29676 --- [restartedMain] o.apache.catalina.core.StandardService   : Starting service [Tomcat]
2022-06-15 15:45:34.329  INFO 29676 --- [restartedMain] org.apache.catalina.core.StandardEngine  : Starting Servlet engine: [Apache Tomcat/9.0.62]
2022-06-15 15:45:34.485  INFO 29676 --- [restartedMain] o.a.c.c.C.[Tomcat].[localhost].[/]       : Initializing Spring embedded WebApplicationContext
2022-06-15 15:45:34.486  INFO 29676 --- [restartedMain] w.s.c.ServletWebServerApplicationContext : Root WebApplicationContext: initialization completed in 2871 ms
2022-06-15 15:45:34.595  INFO 29676 --- [restartedMain] com.zaxxer.hikari.HikariDataSource       : HikariPool-1 - Starting...
2022-06-15 15:45:35.043  INFO 29676 --- [restartedMain] com.zaxxer.hikari.HikariDataSource       : HikariPool-1 - Start completed.
2022-06-15 15:45:35.057  INFO 29676 --- [restartedMain] o.s.b.a.h2.H2ConsoleAutoConfiguration    : H2 console available at '/h2-console'. Database available at 'jdbc:h2:mem:diabeteshop'
2022-06-15 15:45:36.941  INFO 29676 --- [restartedMain] j.LocalContainerEntityManagerFactoryBean : Initialized JPA EntityManagerFactory for persistence unit 'default'
2022-06-15 15:45:37.843  INFO 29676 --- [restartedMain] o.s.b.a.w.s.WelcomePageHandlerMapping    : Adding welcome page template: index
2022-06-15 15:45:38.188  WARN 29676 --- [restartedMain] o.s.b.d.a.OptionalLiveReloadServer       : Unable to start LiveReload server
2022-06-15 15:45:38.238  WARN 29676 --- [restartedMain] ConfigServletWebServerApplicationContext : Exception encountered during context initialization - cancelling refresh attempt: org.springframework.context.ApplicationContextException: Failed to start bean 'webServerStartStop'; nested exception is org.springframework.boot.web.server.PortInUseException: Port 8080 is already in use
2022-06-15 15:45:38.244  INFO 29676 --- [restartedMain] j.LocalContainerEntityManagerFactoryBean : Closing JPA EntityManagerFactory for persistence unit 'default'
2022-06-15 15:45:38.504  WARN 29676 --- [restartedMain] o.s.b.f.support.DisposableBeanAdapter    : Invocation of destroy method failed on bean with name 'inMemoryDatabaseShutdownExecutor': org.h2.jdbc.JdbcSQLNonTransientConnectionException: Database is already closed (to disable automatic closing at VM shutdown, add ";DB_CLOSE_ON_EXIT=FALSE" to the db URL) [90121-200]
2022-06-15 15:45:38.505  INFO 29676 --- [restartedMain] com.zaxxer.hikari.HikariDataSource       : HikariPool-1 - Shutdown initiated...
2022-06-15 15:45:38.510  INFO 29676 --- [restartedMain] com.zaxxer.hikari.HikariDataSource       : HikariPool-1 - Shutdown completed.
2022-06-15 15:45:38.514  INFO 29676 --- [restartedMain] o.apache.catalina.core.StandardService   : Stopping service [Tomcat]
2022-06-15 15:45:38.530  INFO 29676 --- [restartedMain] ConditionEvaluationReportLoggingListener : 

Error starting ApplicationContext. To display the conditions report re-run your application with 'debug' enabled.
2022-06-15 15:45:38.558 ERROR 29676 --- [restartedMain] o.s.b.d.LoggingFailureAnalysisReporter   : 

***************************
APPLICATION FAILED TO START
***************************

Description:

Web server failed to start. Port 8080 was already in use.

Action:

Identify and stop the process that's listening on port 8080 or configure this application to listen on another port.

2022-06-15 15:47:07.531  INFO 31260 --- [restartedMain] b.c.j.d.DiabeteshopJosildaApplication    : Starting DiabeteshopJosildaApplication using Java 1.8.0_332 on Josilda with PID 31260 (C:\Users\josil\OneDrive\Documentos\GitHub\pweb_2021.2_josildaGomes\diabeteshop_josilda\target\classes started by josil in C:\Users\josil\OneDrive\Documentos\GitHub\pweb_2021.2_josildaGomes\diabeteshop_josilda)
2022-06-15 15:47:07.535  INFO 31260 --- [restartedMain] b.c.j.d.DiabeteshopJosildaApplication    : No active profile set, falling back to 1 default profile: "default"
2022-06-15 15:47:07.683  INFO 31260 --- [restartedMain] .e.DevToolsPropertyDefaultsPostProcessor : Devtools property defaults active! Set 'spring.devtools.add-properties' to 'false' to disable
2022-06-15 15:47:07.684  INFO 31260 --- [restartedMain] .e.DevToolsPropertyDefaultsPostProcessor : For additional web related logging consider setting the 'logging.level.web' property to 'DEBUG'
2022-06-15 15:47:09.371  INFO 31260 --- [restartedMain] .s.d.r.c.RepositoryConfigurationDelegate : Bootstrapping Spring Data JPA repositories in DEFAULT mode.
2022-06-15 15:47:09.505  INFO 31260 --- [restartedMain] .s.d.r.c.RepositoryConfigurationDelegate : Finished Spring Data repository scanning in 104 ms. Found 2 JPA repository interfaces.
2022-06-15 15:47:11.157  INFO 31260 --- [restartedMain] o.s.b.w.embedded.tomcat.TomcatWebServer  : Tomcat initialized with port(s): 8080 (http)
2022-06-15 15:47:11.175  INFO 31260 --- [restartedMain] o.apache.catalina.core.StandardService   : Starting service [Tomcat]
2022-06-15 15:47:11.177  INFO 31260 --- [restartedMain] org.apache.catalina.core.StandardEngine  : Starting Servlet engine: [Apache Tomcat/9.0.62]
2022-06-15 15:47:11.347  INFO 31260 --- [restartedMain] o.a.c.c.C.[Tomcat].[localhost].[/]       : Initializing Spring embedded WebApplicationContext
2022-06-15 15:47:11.348  INFO 31260 --- [restartedMain] w.s.c.ServletWebServerApplicationContext : Root WebApplicationContext: initialization completed in 3663 ms
2022-06-15 15:47:11.462  INFO 31260 --- [restartedMain] com.zaxxer.hikari.HikariDataSource       : HikariPool-1 - Starting...
2022-06-15 15:47:11.903  INFO 31260 --- [restartedMain] com.zaxxer.hikari.HikariDataSource       : HikariPool-1 - Start completed.
2022-06-15 15:47:11.919  INFO 31260 --- [restartedMain] o.s.b.a.h2.H2ConsoleAutoConfiguration    : H2 console available at '/h2-console'. Database available at 'jdbc:h2:mem:diabeteshop'
2022-06-15 15:47:14.594  INFO 31260 --- [restartedMain] j.LocalContainerEntityManagerFactoryBean : Initialized JPA EntityManagerFactory for persistence unit 'default'
2022-06-15 15:47:15.651  INFO 31260 --- [restartedMain] o.s.b.a.w.s.WelcomePageHandlerMapping    : Adding welcome page template: index
2022-06-15 15:47:15.993  INFO 31260 --- [restartedMain] o.s.b.d.a.OptionalLiveReloadServer       : LiveReload server is running on port 35729
2022-06-15 15:47:16.075  INFO 31260 --- [restartedMain] o.s.b.w.embedded.tomcat.TomcatWebServer  : Tomcat started on port(s): 8080 (http) with context path ''
2022-06-15 15:47:16.091  INFO 31260 --- [restartedMain] b.c.j.d.DiabeteshopJosildaApplication    : Started DiabeteshopJosildaApplication in 9.208 seconds (JVM running for 9.927)
2022-06-15 15:48:02.421  INFO 15512 --- [restartedMain] b.c.j.d.DiabeteshopJosildaApplication    : Starting DiabeteshopJosildaApplication using Java 1.8.0_332 on Josilda with PID 15512 (C:\Users\josil\OneDrive\Documentos\GitHub\pweb_2021.2_josildaGomes\diabeteshop_josilda\target\classes started by josil in C:\Users\josil\OneDrive\Documentos\GitHub\pweb_2021.2_josildaGomes\diabeteshop_josilda)
2022-06-15 15:48:02.423  INFO 15512 --- [restartedMain] b.c.j.d.DiabeteshopJosildaApplication    : No active profile set, falling back to 1 default profile: "default"
2022-06-15 15:48:02.499  INFO 15512 --- [restartedMain] .e.DevToolsPropertyDefaultsPostProcessor : Devtools property defaults active! Set 'spring.devtools.add-properties' to 'false' to disable
2022-06-15 15:48:02.499  INFO 15512 --- [restartedMain] .e.DevToolsPropertyDefaultsPostProcessor : For additional web related logging consider setting the 'logging.level.web' property to 'DEBUG'
2022-06-15 15:48:03.647  INFO 15512 --- [restartedMain] .s.d.r.c.RepositoryConfigurationDelegate : Bootstrapping Spring Data JPA repositories in DEFAULT mode.
2022-06-15 15:48:03.740  INFO 15512 --- [restartedMain] .s.d.r.c.RepositoryConfigurationDelegate : Finished Spring Data repository scanning in 77 ms. Found 2 JPA repository interfaces.
2022-06-15 15:48:05.603  INFO 15512 --- [restartedMain] o.s.b.w.embedded.tomcat.TomcatWebServer  : Tomcat initialized with port(s): 8080 (http)
2022-06-15 15:48:05.621  INFO 15512 --- [restartedMain] o.apache.catalina.core.StandardService   : Starting service [Tomcat]
2022-06-15 15:48:05.622  INFO 15512 --- [restartedMain] org.apache.catalina.core.StandardEngine  : Starting Servlet engine: [Apache Tomcat/9.0.62]
2022-06-15 15:48:05.745  INFO 15512 --- [restartedMain] o.a.c.c.C.[Tomcat].[localhost].[/]       : Initializing Spring embedded WebApplicationContext
2022-06-15 15:48:05.745  INFO 15512 --- [restartedMain] w.s.c.ServletWebServerApplicationContext : Root WebApplicationContext: initialization completed in 3245 ms
2022-06-15 15:48:05.834  INFO 15512 --- [restartedMain] com.zaxxer.hikari.HikariDataSource       : HikariPool-1 - Starting...
2022-06-15 15:48:06.462  INFO 15512 --- [restartedMain] com.zaxxer.hikari.HikariDataSource       : HikariPool-1 - Start completed.
2022-06-15 15:48:06.474  INFO 15512 --- [restartedMain] o.s.b.a.h2.H2ConsoleAutoConfiguration    : H2 console available at '/h2-console'. Database available at 'jdbc:h2:mem:diabeteshop'
2022-06-15 15:48:08.458  INFO 15512 --- [restartedMain] j.LocalContainerEntityManagerFactoryBean : Initialized JPA EntityManagerFactory for persistence unit 'default'
2022-06-15 15:48:09.304  INFO 15512 --- [restartedMain] o.s.b.a.w.s.WelcomePageHandlerMapping    : Adding welcome page template: index
2022-06-15 15:48:09.800  WARN 15512 --- [restartedMain] o.s.b.d.a.OptionalLiveReloadServer       : Unable to start LiveReload server
2022-06-15 15:48:09.901  WARN 15512 --- [restartedMain] ConfigServletWebServerApplicationContext : Exception encountered during context initialization - cancelling refresh attempt: org.springframework.context.ApplicationContextException: Failed to start bean 'webServerStartStop'; nested exception is org.springframework.boot.web.server.PortInUseException: Port 8080 is already in use
2022-06-15 15:48:09.913  INFO 15512 --- [restartedMain] j.LocalContainerEntityManagerFactoryBean : Closing JPA EntityManagerFactory for persistence unit 'default'
2022-06-15 15:48:10.188  WARN 15512 --- [restartedMain] o.s.b.f.support.DisposableBeanAdapter    : Invocation of destroy method failed on bean with name 'inMemoryDatabaseShutdownExecutor': org.h2.jdbc.JdbcSQLNonTransientConnectionException: Database is already closed (to disable automatic closing at VM shutdown, add ";DB_CLOSE_ON_EXIT=FALSE" to the db URL) [90121-200]
2022-06-15 15:48:10.190  INFO 15512 --- [restartedMain] com.zaxxer.hikari.HikariDataSource       : HikariPool-1 - Shutdown initiated...
2022-06-15 15:48:10.197  INFO 15512 --- [restartedMain] com.zaxxer.hikari.HikariDataSource       : HikariPool-1 - Shutdown completed.
2022-06-15 15:48:10.199  INFO 15512 --- [restartedMain] o.apache.catalina.core.StandardService   : Stopping service [Tomcat]
2022-06-15 15:48:10.218  INFO 15512 --- [restartedMain] ConditionEvaluationReportLoggingListener : 

Error starting ApplicationContext. To display the conditions report re-run your application with 'debug' enabled.
2022-06-15 15:48:10.251 ERROR 15512 --- [restartedMain] o.s.b.d.LoggingFailureAnalysisReporter   : 

***************************
APPLICATION FAILED TO START
***************************

Description:

Web server failed to start. Port 8080 was already in use.

Action:

Identify and stop the process that's listening on port 8080 or configure this application to listen on another port.

2022-06-15 15:48:42.224  INFO 15464 --- [restartedMain] b.c.j.d.DiabeteshopJosildaApplication    : Starting DiabeteshopJosildaApplication using Java 1.8.0_332 on Josilda with PID 15464 (C:\Users\josil\OneDrive\Documentos\GitHub\pweb_2021.2_josildaGomes\diabeteshop_josilda\target\classes started by josil in C:\Users\josil\OneDrive\Documentos\GitHub\pweb_2021.2_josildaGomes\diabeteshop_josilda)
2022-06-15 15:48:42.226  INFO 15464 --- [restartedMain] b.c.j.d.DiabeteshopJosildaApplication    : No active profile set, falling back to 1 default profile: "default"
2022-06-15 15:48:42.306  INFO 15464 --- [restartedMain] .e.DevToolsPropertyDefaultsPostProcessor : Devtools property defaults active! Set 'spring.devtools.add-properties' to 'false' to disable
2022-06-15 15:48:42.306  INFO 15464 --- [restartedMain] .e.DevToolsPropertyDefaultsPostProcessor : For additional web related logging consider setting the 'logging.level.web' property to 'DEBUG'
2022-06-15 15:48:43.311  INFO 15464 --- [restartedMain] .s.d.r.c.RepositoryConfigurationDelegate : Bootstrapping Spring Data JPA repositories in DEFAULT mode.
2022-06-15 15:48:43.447  INFO 15464 --- [restartedMain] .s.d.r.c.RepositoryConfigurationDelegate : Finished Spring Data repository scanning in 96 ms. Found 2 JPA repository interfaces.
2022-06-15 15:48:44.826  INFO 15464 --- [restartedMain] o.s.b.w.embedded.tomcat.TomcatWebServer  : Tomcat initialized with port(s): 8080 (http)
2022-06-15 15:48:44.847  INFO 15464 --- [restartedMain] o.apache.catalina.core.StandardService   : Starting service [Tomcat]
2022-06-15 15:48:44.848  INFO 15464 --- [restartedMain] org.apache.catalina.core.StandardEngine  : Starting Servlet engine: [Apache Tomcat/9.0.62]
2022-06-15 15:48:44.973  INFO 15464 --- [restartedMain] o.a.c.c.C.[Tomcat].[localhost].[/]       : Initializing Spring embedded WebApplicationContext
2022-06-15 15:48:44.973  INFO 15464 --- [restartedMain] w.s.c.ServletWebServerApplicationContext : Root WebApplicationContext: initialization completed in 2665 ms
2022-06-15 15:48:45.028  INFO 15464 --- [restartedMain] com.zaxxer.hikari.HikariDataSource       : HikariPool-1 - Starting...
2022-06-15 15:48:45.491  INFO 15464 --- [restartedMain] com.zaxxer.hikari.HikariDataSource       : HikariPool-1 - Start completed.
2022-06-15 15:48:45.508  INFO 15464 --- [restartedMain] o.s.b.a.h2.H2ConsoleAutoConfiguration    : H2 console available at '/h2-console'. Database available at 'jdbc:h2:mem:diabeteshop'
2022-06-15 15:48:47.384  INFO 15464 --- [restartedMain] j.LocalContainerEntityManagerFactoryBean : Initialized JPA EntityManagerFactory for persistence unit 'default'
2022-06-15 15:48:48.515  INFO 15464 --- [restartedMain] o.s.b.a.w.s.WelcomePageHandlerMapping    : Adding welcome page template: index
2022-06-15 15:48:48.778  WARN 15464 --- [restartedMain] o.s.b.d.a.OptionalLiveReloadServer       : Unable to start LiveReload server
2022-06-15 15:48:48.802  WARN 15464 --- [restartedMain] ConfigServletWebServerApplicationContext : Exception encountered during context initialization - cancelling refresh attempt: org.springframework.context.ApplicationContextException: Failed to start bean 'webServerStartStop'; nested exception is org.springframework.boot.web.server.PortInUseException: Port 8080 is already in use
2022-06-15 15:48:48.808  INFO 15464 --- [restartedMain] j.LocalContainerEntityManagerFactoryBean : Closing JPA EntityManagerFactory for persistence unit 'default'
2022-06-15 15:48:49.045  WARN 15464 --- [restartedMain] o.s.b.f.support.DisposableBeanAdapter    : Invocation of destroy method failed on bean with name 'inMemoryDatabaseShutdownExecutor': org.h2.jdbc.JdbcSQLNonTransientConnectionException: Database is already closed (to disable automatic closing at VM shutdown, add ";DB_CLOSE_ON_EXIT=FALSE" to the db URL) [90121-200]
2022-06-15 15:48:49.047  INFO 15464 --- [restartedMain] com.zaxxer.hikari.HikariDataSource       : HikariPool-1 - Shutdown initiated...
2022-06-15 15:48:49.053  INFO 15464 --- [restartedMain] com.zaxxer.hikari.HikariDataSource       : HikariPool-1 - Shutdown completed.
2022-06-15 15:48:49.056  INFO 15464 --- [restartedMain] o.apache.catalina.core.StandardService   : Stopping service [Tomcat]
2022-06-15 15:48:49.073  INFO 15464 --- [restartedMain] ConditionEvaluationReportLoggingListener : 

Error starting ApplicationContext. To display the conditions report re-run your application with 'debug' enabled.
2022-06-15 15:48:49.111 ERROR 15464 --- [restartedMain] o.s.b.d.LoggingFailureAnalysisReporter   : 

***************************
APPLICATION FAILED TO START
***************************

Description:

Web server failed to start. Port 8080 was already in use.

Action:

Identify and stop the process that's listening on port 8080 or configure this application to listen on another port.

2022-06-15 15:50:39.439  INFO 31260 --- [http-nio-8080-exec-1] o.a.c.c.C.[Tomcat].[localhost].[/]       : Initializing Spring DispatcherServlet 'dispatcherServlet'
2022-06-15 15:50:39.439  INFO 31260 --- [http-nio-8080-exec-1] o.s.web.servlet.DispatcherServlet        : Initializing Servlet 'dispatcherServlet'
2022-06-15 15:50:39.444  INFO 31260 --- [http-nio-8080-exec-1] o.s.web.servlet.DispatcherServlet        : Completed initialization in 4 ms
2022-06-15 16:08:09.906  INFO 33460 --- [restartedMain] b.c.j.d.DiabeteshopJosildaApplication    : Starting DiabeteshopJosildaApplication using Java 1.8.0_332 on Josilda with PID 33460 (C:\Users\josil\OneDrive\Documentos\GitHub\pweb_2021.2_josildaGomes\diabeteshop_josilda\target\classes started by josil in C:\Users\josil\OneDrive\Documentos\GitHub\pweb_2021.2_josildaGomes\diabeteshop_josilda)
2022-06-15 16:08:09.909  INFO 33460 --- [restartedMain] b.c.j.d.DiabeteshopJosildaApplication    : No active profile set, falling back to 1 default profile: "default"
2022-06-15 16:08:10.038  INFO 33460 --- [restartedMain] .e.DevToolsPropertyDefaultsPostProcessor : Devtools property defaults active! Set 'spring.devtools.add-properties' to 'false' to disable
2022-06-15 16:08:10.039  INFO 33460 --- [restartedMain] .e.DevToolsPropertyDefaultsPostProcessor : For additional web related logging consider setting the 'logging.level.web' property to 'DEBUG'
2022-06-15 16:08:11.369  INFO 33460 --- [restartedMain] .s.d.r.c.RepositoryConfigurationDelegate : Bootstrapping Spring Data JPA repositories in DEFAULT mode.
2022-06-15 16:08:11.564  INFO 33460 --- [restartedMain] .s.d.r.c.RepositoryConfigurationDelegate : Finished Spring Data repository scanning in 140 ms. Found 2 JPA repository interfaces.
2022-06-15 16:08:12.926  INFO 33460 --- [restartedMain] o.s.b.w.embedded.tomcat.TomcatWebServer  : Tomcat initialized with port(s): 8080 (http)
2022-06-15 16:08:12.945  INFO 33460 --- [restartedMain] o.apache.catalina.core.StandardService   : Starting service [Tomcat]
2022-06-15 16:08:12.945  INFO 33460 --- [restartedMain] org.apache.catalina.core.StandardEngine  : Starting Servlet engine: [Apache Tomcat/9.0.62]
2022-06-15 16:08:13.085  INFO 33460 --- [restartedMain] o.a.c.c.C.[Tomcat].[localhost].[/]       : Initializing Spring embedded WebApplicationContext
2022-06-15 16:08:13.086  INFO 33460 --- [restartedMain] w.s.c.ServletWebServerApplicationContext : Root WebApplicationContext: initialization completed in 3046 ms
2022-06-15 16:08:13.153  INFO 33460 --- [restartedMain] com.zaxxer.hikari.HikariDataSource       : HikariPool-1 - Starting...
2022-06-15 16:08:13.667  INFO 33460 --- [restartedMain] com.zaxxer.hikari.HikariDataSource       : HikariPool-1 - Start completed.
2022-06-15 16:08:13.682  INFO 33460 --- [restartedMain] o.s.b.a.h2.H2ConsoleAutoConfiguration    : H2 console available at '/h2-console'. Database available at 'jdbc:h2:mem:diabeteshop'
2022-06-15 16:08:15.744  INFO 33460 --- [restartedMain] j.LocalContainerEntityManagerFactoryBean : Initialized JPA EntityManagerFactory for persistence unit 'default'
2022-06-15 16:08:16.719  INFO 33460 --- [restartedMain] o.s.b.a.w.s.WelcomePageHandlerMapping    : Adding welcome page template: index
2022-06-15 16:08:17.063  INFO 33460 --- [restartedMain] o.s.b.d.a.OptionalLiveReloadServer       : LiveReload server is running on port 35729
2022-06-15 16:08:17.117  INFO 33460 --- [restartedMain] o.s.b.w.embedded.tomcat.TomcatWebServer  : Tomcat started on port(s): 8080 (http) with context path ''
2022-06-15 16:08:17.131  INFO 33460 --- [restartedMain] b.c.j.d.DiabeteshopJosildaApplication    : Started DiabeteshopJosildaApplication in 7.946 seconds (JVM running for 8.488)
2022-06-15 16:09:35.913  INFO 33460 --- [http-nio-8080-exec-1] o.a.c.c.C.[Tomcat].[localhost].[/]       : Initializing Spring DispatcherServlet 'dispatcherServlet'
2022-06-15 16:09:35.914  INFO 33460 --- [http-nio-8080-exec-1] o.s.web.servlet.DispatcherServlet        : Initializing Servlet 'dispatcherServlet'
2022-06-15 16:09:35.919  INFO 33460 --- [http-nio-8080-exec-1] o.s.web.servlet.DispatcherServlet        : Completed initialization in 4 ms
2022-06-15 16:12:21.014  INFO 33460 --- [Thread-7] j.LocalContainerEntityManagerFactoryBean : Closing JPA EntityManagerFactory for persistence unit 'default'
2022-06-15 16:12:21.245  WARN 33460 --- [Thread-7] o.s.b.f.support.DisposableBeanAdapter    : Invocation of destroy method failed on bean with name 'inMemoryDatabaseShutdownExecutor': org.h2.jdbc.JdbcSQLNonTransientConnectionException: Database is already closed (to disable automatic closing at VM shutdown, add ";DB_CLOSE_ON_EXIT=FALSE" to the db URL) [90121-200]
2022-06-15 16:12:21.250  INFO 33460 --- [Thread-7] com.zaxxer.hikari.HikariDataSource       : HikariPool-1 - Shutdown initiated...
2022-06-15 16:12:21.272  INFO 33460 --- [Thread-7] com.zaxxer.hikari.HikariDataSource       : HikariPool-1 - Shutdown completed.
2022-06-15 16:12:21.526  INFO 33460 --- [restartedMain] b.c.j.d.DiabeteshopJosildaApplication    : Starting DiabeteshopJosildaApplication using Java 1.8.0_332 on Josilda with PID 33460 (C:\Users\josil\OneDrive\Documentos\GitHub\pweb_2021.2_josildaGomes\diabeteshop_josilda\target\classes started by josil in C:\Users\josil\OneDrive\Documentos\GitHub\pweb_2021.2_josildaGomes\diabeteshop_josilda)
2022-06-15 16:12:21.527  INFO 33460 --- [restartedMain] b.c.j.d.DiabeteshopJosildaApplication    : No active profile set, falling back to 1 default profile: "default"
2022-06-15 16:12:21.892  INFO 33460 --- [restartedMain] .s.d.r.c.RepositoryConfigurationDelegate : Bootstrapping Spring Data JPA repositories in DEFAULT mode.
2022-06-15 16:12:21.908  INFO 33460 --- [restartedMain] .s.d.r.c.RepositoryConfigurationDelegate : Finished Spring Data repository scanning in 15 ms. Found 2 JPA repository interfaces.
2022-06-15 16:12:22.146  INFO 33460 --- [restartedMain] o.s.b.w.embedded.tomcat.TomcatWebServer  : Tomcat initialized with port(s): 8080 (http)
2022-06-15 16:12:22.147  INFO 33460 --- [restartedMain] o.apache.catalina.core.StandardService   : Starting service [Tomcat]
2022-06-15 16:12:22.148  INFO 33460 --- [restartedMain] org.apache.catalina.core.StandardEngine  : Starting Servlet engine: [Apache Tomcat/9.0.62]
2022-06-15 16:12:22.167  INFO 33460 --- [restartedMain] o.a.c.c.C.[Tomcat].[localhost].[/]       : Initializing Spring embedded WebApplicationContext
2022-06-15 16:12:22.168  INFO 33460 --- [restartedMain] w.s.c.ServletWebServerApplicationContext : Root WebApplicationContext: initialization completed in 632 ms
2022-06-15 16:12:22.215  INFO 33460 --- [restartedMain] com.zaxxer.hikari.HikariDataSource       : HikariPool-2 - Starting...
2022-06-15 16:12:22.218  INFO 33460 --- [restartedMain] com.zaxxer.hikari.HikariDataSource       : HikariPool-2 - Start completed.
2022-06-15 16:12:22.221  INFO 33460 --- [restartedMain] o.s.b.a.h2.H2ConsoleAutoConfiguration    : H2 console available at '/h2-console'. Database available at 'jdbc:h2:mem:diabeteshop'
2022-06-15 16:12:22.583  INFO 33460 --- [restartedMain] j.LocalContainerEntityManagerFactoryBean : Initialized JPA EntityManagerFactory for persistence unit 'default'
2022-06-15 16:12:22.866  INFO 33460 --- [restartedMain] o.s.b.a.w.s.WelcomePageHandlerMapping    : Adding welcome page template: index
2022-06-15 16:12:22.929  INFO 33460 --- [restartedMain] o.s.b.d.a.OptionalLiveReloadServer       : LiveReload server is running on port 35729
2022-06-15 16:12:22.965  INFO 33460 --- [restartedMain] o.s.b.w.embedded.tomcat.TomcatWebServer  : Tomcat started on port(s): 8080 (http) with context path ''
2022-06-15 16:12:22.983  INFO 33460 --- [restartedMain] b.c.j.d.DiabeteshopJosildaApplication    : Started DiabeteshopJosildaApplication in 1.52 seconds (JVM running for 254.34)
2022-06-15 16:12:22.987  INFO 33460 --- [restartedMain] .ConditionEvaluationDeltaLoggingListener : Condition evaluation unchanged
2022-06-15 16:12:28.767  INFO 33460 --- [Thread-9] j.LocalContainerEntityManagerFactoryBean : Closing JPA EntityManagerFactory for persistence unit 'default'
2022-06-15 16:12:28.998  WARN 33460 --- [Thread-9] o.s.b.f.support.DisposableBeanAdapter    : Invocation of destroy method failed on bean with name 'inMemoryDatabaseShutdownExecutor': org.h2.jdbc.JdbcSQLNonTransientConnectionException: Database is already closed (to disable automatic closing at VM shutdown, add ";DB_CLOSE_ON_EXIT=FALSE" to the db URL) [90121-200]
2022-06-15 16:12:28.999  INFO 33460 --- [Thread-9] com.zaxxer.hikari.HikariDataSource       : HikariPool-2 - Shutdown initiated...
2022-06-15 16:12:29.005  INFO 33460 --- [Thread-9] com.zaxxer.hikari.HikariDataSource       : HikariPool-2 - Shutdown completed.
2022-06-15 16:12:29.393  INFO 33460 --- [restartedMain] b.c.j.d.DiabeteshopJosildaApplication    : Starting DiabeteshopJosildaApplication using Java 1.8.0_332 on Josilda with PID 33460 (C:\Users\josil\OneDrive\Documentos\GitHub\pweb_2021.2_josildaGomes\diabeteshop_josilda\target\classes started by josil in C:\Users\josil\OneDrive\Documentos\GitHub\pweb_2021.2_josildaGomes\diabeteshop_josilda)
2022-06-15 16:12:29.394  INFO 33460 --- [restartedMain] b.c.j.d.DiabeteshopJosildaApplication    : No active profile set, falling back to 1 default profile: "default"
2022-06-15 16:12:29.807  INFO 33460 --- [restartedMain] .s.d.r.c.RepositoryConfigurationDelegate : Bootstrapping Spring Data JPA repositories in DEFAULT mode.
2022-06-15 16:12:29.825  INFO 33460 --- [restartedMain] .s.d.r.c.RepositoryConfigurationDelegate : Finished Spring Data repository scanning in 17 ms. Found 2 JPA repository interfaces.
2022-06-15 16:12:30.415  INFO 33460 --- [restartedMain] o.s.b.w.embedded.tomcat.TomcatWebServer  : Tomcat initialized with port(s): 8080 (http)
2022-06-15 16:12:30.417  INFO 33460 --- [restartedMain] o.apache.catalina.core.StandardService   : Starting service [Tomcat]
2022-06-15 16:12:30.417  INFO 33460 --- [restartedMain] org.apache.catalina.core.StandardEngine  : Starting Servlet engine: [Apache Tomcat/9.0.62]
2022-06-15 16:12:30.701  INFO 33460 --- [restartedMain] o.a.c.c.C.[Tomcat].[localhost].[/]       : Initializing Spring embedded WebApplicationContext
2022-06-15 16:12:30.702  INFO 33460 --- [restartedMain] w.s.c.ServletWebServerApplicationContext : Root WebApplicationContext: initialization completed in 1299 ms
2022-06-15 16:12:30.876  INFO 33460 --- [restartedMain] com.zaxxer.hikari.HikariDataSource       : HikariPool-3 - Starting...
2022-06-15 16:12:30.879  INFO 33460 --- [restartedMain] com.zaxxer.hikari.HikariDataSource       : HikariPool-3 - Start completed.
2022-06-15 16:12:30.879  INFO 33460 --- [restartedMain] o.s.b.a.h2.H2ConsoleAutoConfiguration    : H2 console available at '/h2-console'. Database available at 'jdbc:h2:mem:diabeteshop'
2022-06-15 16:12:31.783  INFO 33460 --- [restartedMain] j.LocalContainerEntityManagerFactoryBean : Initialized JPA EntityManagerFactory for persistence unit 'default'
2022-06-15 16:12:32.234  INFO 33460 --- [restartedMain] o.s.b.a.w.s.WelcomePageHandlerMapping    : Adding welcome page template: index
2022-06-15 16:12:32.327  INFO 33460 --- [restartedMain] o.s.b.d.a.OptionalLiveReloadServer       : LiveReload server is running on port 35729
2022-06-15 16:12:32.344  INFO 33460 --- [restartedMain] o.s.b.w.embedded.tomcat.TomcatWebServer  : Tomcat started on port(s): 8080 (http) with context path ''
2022-06-15 16:12:32.353  INFO 33460 --- [restartedMain] b.c.j.d.DiabeteshopJosildaApplication    : Started DiabeteshopJosildaApplication in 3.044 seconds (JVM running for 263.709)
2022-06-15 16:12:32.356  INFO 33460 --- [restartedMain] .ConditionEvaluationDeltaLoggingListener : Condition evaluation unchanged
2022-06-15 16:12:34.185  INFO 33460 --- [Thread-13] j.LocalContainerEntityManagerFactoryBean : Closing JPA EntityManagerFactory for persistence unit 'default'
2022-06-15 16:12:34.407  WARN 33460 --- [Thread-13] o.s.b.f.support.DisposableBeanAdapter    : Invocation of destroy method failed on bean with name 'inMemoryDatabaseShutdownExecutor': org.h2.jdbc.JdbcSQLNonTransientConnectionException: Database is already closed (to disable automatic closing at VM shutdown, add ";DB_CLOSE_ON_EXIT=FALSE" to the db URL) [90121-200]
2022-06-15 16:12:34.410  INFO 33460 --- [Thread-13] com.zaxxer.hikari.HikariDataSource       : HikariPool-3 - Shutdown initiated...
2022-06-15 16:12:34.420  INFO 33460 --- [Thread-13] com.zaxxer.hikari.HikariDataSource       : HikariPool-3 - Shutdown completed.
2022-06-15 16:12:34.765  INFO 33460 --- [restartedMain] b.c.j.d.DiabeteshopJosildaApplication    : Starting DiabeteshopJosildaApplication using Java 1.8.0_332 on Josilda with PID 33460 (C:\Users\josil\OneDrive\Documentos\GitHub\pweb_2021.2_josildaGomes\diabeteshop_josilda\target\classes started by josil in C:\Users\josil\OneDrive\Documentos\GitHub\pweb_2021.2_josildaGomes\diabeteshop_josilda)
2022-06-15 16:12:34.767  INFO 33460 --- [restartedMain] b.c.j.d.DiabeteshopJosildaApplication    : No active profile set, falling back to 1 default profile: "default"
2022-06-15 16:12:35.655  INFO 33460 --- [restartedMain] .s.d.r.c.RepositoryConfigurationDelegate : Bootstrapping Spring Data JPA repositories in DEFAULT mode.
2022-06-15 16:12:35.718  INFO 33460 --- [restartedMain] .s.d.r.c.RepositoryConfigurationDelegate : Finished Spring Data repository scanning in 20 ms. Found 2 JPA repository interfaces.
2022-06-15 16:12:36.209  INFO 33460 --- [restartedMain] o.s.b.w.embedded.tomcat.TomcatWebServer  : Tomcat initialized with port(s): 8080 (http)
2022-06-15 16:12:36.212  INFO 33460 --- [restartedMain] o.apache.catalina.core.StandardService   : Starting service [Tomcat]
2022-06-15 16:12:36.212  INFO 33460 --- [restartedMain] org.apache.catalina.core.StandardEngine  : Starting Servlet engine: [Apache Tomcat/9.0.62]
2022-06-15 16:12:36.233  INFO 33460 --- [restartedMain] o.a.c.c.C.[Tomcat].[localhost].[/]       : Initializing Spring embedded WebApplicationContext
2022-06-15 16:12:36.234  INFO 33460 --- [restartedMain] w.s.c.ServletWebServerApplicationContext : Root WebApplicationContext: initialization completed in 1457 ms
2022-06-15 16:12:36.289  INFO 33460 --- [restartedMain] com.zaxxer.hikari.HikariDataSource       : HikariPool-4 - Starting...
2022-06-15 16:12:36.294  INFO 33460 --- [restartedMain] com.zaxxer.hikari.HikariDataSource       : HikariPool-4 - Start completed.
2022-06-15 16:12:36.294  INFO 33460 --- [restartedMain] o.s.b.a.h2.H2ConsoleAutoConfiguration    : H2 console available at '/h2-console'. Database available at 'jdbc:h2:mem:diabeteshop'
2022-06-15 16:12:37.002  INFO 33460 --- [restartedMain] j.LocalContainerEntityManagerFactoryBean : Initialized JPA EntityManagerFactory for persistence unit 'default'
2022-06-15 16:12:37.273  INFO 33460 --- [restartedMain] o.s.b.a.w.s.WelcomePageHandlerMapping    : Adding welcome page template: index
2022-06-15 16:12:37.363  INFO 33460 --- [restartedMain] o.s.b.d.a.OptionalLiveReloadServer       : LiveReload server is running on port 35729
2022-06-15 16:12:37.462  INFO 33460 --- [restartedMain] o.s.b.w.embedded.tomcat.TomcatWebServer  : Tomcat started on port(s): 8080 (http) with context path ''
2022-06-15 16:12:37.478  INFO 33460 --- [restartedMain] b.c.j.d.DiabeteshopJosildaApplication    : Started DiabeteshopJosildaApplication in 2.793 seconds (JVM running for 268.834)
2022-06-15 16:12:37.481  INFO 33460 --- [restartedMain] .ConditionEvaluationDeltaLoggingListener : Condition evaluation unchanged
2022-06-15 16:12:39.424  INFO 33460 --- [Thread-17] j.LocalContainerEntityManagerFactoryBean : Closing JPA EntityManagerFactory for persistence unit 'default'
2022-06-15 16:12:39.642  WARN 33460 --- [Thread-17] o.s.b.f.support.DisposableBeanAdapter    : Invocation of destroy method failed on bean with name 'inMemoryDatabaseShutdownExecutor': org.h2.jdbc.JdbcSQLNonTransientConnectionException: Database is already closed (to disable automatic closing at VM shutdown, add ";DB_CLOSE_ON_EXIT=FALSE" to the db URL) [90121-200]
2022-06-15 16:12:39.643  INFO 33460 --- [Thread-17] com.zaxxer.hikari.HikariDataSource       : HikariPool-4 - Shutdown initiated...
2022-06-15 16:12:39.645  INFO 33460 --- [Thread-17] com.zaxxer.hikari.HikariDataSource       : HikariPool-4 - Shutdown completed.
2022-06-15 16:12:39.850  INFO 33460 --- [restartedMain] b.c.j.d.DiabeteshopJosildaApplication    : Starting DiabeteshopJosildaApplication using Java 1.8.0_332 on Josilda with PID 33460 (C:\Users\josil\OneDrive\Documentos\GitHub\pweb_2021.2_josildaGomes\diabeteshop_josilda\target\classes started by josil in C:\Users\josil\OneDrive\Documentos\GitHub\pweb_2021.2_josildaGomes\diabeteshop_josilda)
2022-06-15 16:12:39.856  INFO 33460 --- [restartedMain] b.c.j.d.DiabeteshopJosildaApplication    : No active profile set, falling back to 1 default profile: "default"
2022-06-15 16:12:40.152  INFO 33460 --- [restartedMain] .s.d.r.c.RepositoryConfigurationDelegate : Bootstrapping Spring Data JPA repositories in DEFAULT mode.
2022-06-15 16:12:40.169  INFO 33460 --- [restartedMain] .s.d.r.c.RepositoryConfigurationDelegate : Finished Spring Data repository scanning in 15 ms. Found 2 JPA repository interfaces.
2022-06-15 16:12:40.327  INFO 33460 --- [restartedMain] o.s.b.w.embedded.tomcat.TomcatWebServer  : Tomcat initialized with port(s): 8080 (http)
2022-06-15 16:12:40.328  INFO 33460 --- [restartedMain] o.apache.catalina.core.StandardService   : Starting service [Tomcat]
2022-06-15 16:12:40.328  INFO 33460 --- [restartedMain] org.apache.catalina.core.StandardEngine  : Starting Servlet engine: [Apache Tomcat/9.0.62]
2022-06-15 16:12:40.348  INFO 33460 --- [restartedMain] o.a.c.c.C.[Tomcat].[localhost].[/]       : Initializing Spring embedded WebApplicationContext
2022-06-15 16:12:40.349  INFO 33460 --- [restartedMain] w.s.c.ServletWebServerApplicationContext : Root WebApplicationContext: initialization completed in 489 ms
2022-06-15 16:12:40.373  INFO 33460 --- [restartedMain] com.zaxxer.hikari.HikariDataSource       : HikariPool-5 - Starting...
2022-06-15 16:12:40.384  INFO 33460 --- [restartedMain] com.zaxxer.hikari.HikariDataSource       : HikariPool-5 - Start completed.
2022-06-15 16:12:40.386  INFO 33460 --- [restartedMain] o.s.b.a.h2.H2ConsoleAutoConfiguration    : H2 console available at '/h2-console'. Database available at 'jdbc:h2:mem:diabeteshop'
2022-06-15 16:12:40.631  INFO 33460 --- [restartedMain] j.LocalContainerEntityManagerFactoryBean : Initialized JPA EntityManagerFactory for persistence unit 'default'
2022-06-15 16:12:41.036  INFO 33460 --- [restartedMain] o.s.b.a.w.s.WelcomePageHandlerMapping    : Adding welcome page template: index
2022-06-15 16:12:41.127  INFO 33460 --- [restartedMain] o.s.b.d.a.OptionalLiveReloadServer       : LiveReload server is running on port 35729
2022-06-15 16:12:41.139  INFO 33460 --- [restartedMain] o.s.b.w.embedded.tomcat.TomcatWebServer  : Tomcat started on port(s): 8080 (http) with context path ''
2022-06-15 16:12:41.145  INFO 33460 --- [restartedMain] b.c.j.d.DiabeteshopJosildaApplication    : Started DiabeteshopJosildaApplication in 1.349 seconds (JVM running for 272.501)
2022-06-15 16:12:41.152  INFO 33460 --- [restartedMain] .ConditionEvaluationDeltaLoggingListener : Condition evaluation unchanged
2022-06-15 16:12:42.739  INFO 33460 --- [Thread-21] j.LocalContainerEntityManagerFactoryBean : Closing JPA EntityManagerFactory for persistence unit 'default'
2022-06-15 16:12:42.951  WARN 33460 --- [Thread-21] o.s.b.f.support.DisposableBeanAdapter    : Invocation of destroy method failed on bean with name 'inMemoryDatabaseShutdownExecutor': org.h2.jdbc.JdbcSQLNonTransientConnectionException: Database is already closed (to disable automatic closing at VM shutdown, add ";DB_CLOSE_ON_EXIT=FALSE" to the db URL) [90121-200]
2022-06-15 16:12:42.952  INFO 33460 --- [Thread-21] com.zaxxer.hikari.HikariDataSource       : HikariPool-5 - Shutdown initiated...
2022-06-15 16:12:42.954  INFO 33460 --- [Thread-21] com.zaxxer.hikari.HikariDataSource       : HikariPool-5 - Shutdown completed.
2022-06-15 16:12:43.121  INFO 33460 --- [restartedMain] b.c.j.d.DiabeteshopJosildaApplication    : Starting DiabeteshopJosildaApplication using Java 1.8.0_332 on Josilda with PID 33460 (C:\Users\josil\OneDrive\Documentos\GitHub\pweb_2021.2_josildaGomes\diabeteshop_josilda\target\classes started by josil in C:\Users\josil\OneDrive\Documentos\GitHub\pweb_2021.2_josildaGomes\diabeteshop_josilda)
2022-06-15 16:12:43.122  INFO 33460 --- [restartedMain] b.c.j.d.DiabeteshopJosildaApplication    : No active profile set, falling back to 1 default profile: "default"
2022-06-15 16:12:43.449  INFO 33460 --- [restartedMain] .s.d.r.c.RepositoryConfigurationDelegate : Bootstrapping Spring Data JPA repositories in DEFAULT mode.
2022-06-15 16:12:43.468  INFO 33460 --- [restartedMain] .s.d.r.c.RepositoryConfigurationDelegate : Finished Spring Data repository scanning in 15 ms. Found 2 JPA repository interfaces.
2022-06-15 16:12:43.590  INFO 33460 --- [restartedMain] o.s.b.w.embedded.tomcat.TomcatWebServer  : Tomcat initialized with port(s): 8080 (http)
2022-06-15 16:12:43.591  INFO 33460 --- [restartedMain] o.apache.catalina.core.StandardService   : Starting service [Tomcat]
2022-06-15 16:12:43.591  INFO 33460 --- [restartedMain] org.apache.catalina.core.StandardEngine  : Starting Servlet engine: [Apache Tomcat/9.0.62]
2022-06-15 16:12:43.643  INFO 33460 --- [restartedMain] o.a.c.c.C.[Tomcat].[localhost].[/]       : Initializing Spring embedded WebApplicationContext
2022-06-15 16:12:43.645  INFO 33460 --- [restartedMain] w.s.c.ServletWebServerApplicationContext : Root WebApplicationContext: initialization completed in 517 ms
2022-06-15 16:12:43.670  INFO 33460 --- [restartedMain] com.zaxxer.hikari.HikariDataSource       : HikariPool-6 - Starting...
2022-06-15 16:12:43.678  INFO 33460 --- [restartedMain] com.zaxxer.hikari.HikariDataSource       : HikariPool-6 - Start completed.
2022-06-15 16:12:43.684  INFO 33460 --- [restartedMain] o.s.b.a.h2.H2ConsoleAutoConfiguration    : H2 console available at '/h2-console'. Database available at 'jdbc:h2:mem:diabeteshop'
2022-06-15 16:12:43.828  INFO 33460 --- [restartedMain] j.LocalContainerEntityManagerFactoryBean : Initialized JPA EntityManagerFactory for persistence unit 'default'
2022-06-15 16:12:44.002  INFO 33460 --- [restartedMain] o.s.b.a.w.s.WelcomePageHandlerMapping    : Adding welcome page template: index
2022-06-15 16:12:44.079  INFO 33460 --- [restartedMain] o.s.b.d.a.OptionalLiveReloadServer       : LiveReload server is running on port 35729
2022-06-15 16:12:44.085  INFO 33460 --- [restartedMain] o.s.b.w.embedded.tomcat.TomcatWebServer  : Tomcat started on port(s): 8080 (http) with context path ''
2022-06-15 16:12:44.092  INFO 33460 --- [restartedMain] b.c.j.d.DiabeteshopJosildaApplication    : Started DiabeteshopJosildaApplication in 1.009 seconds (JVM running for 275.448)
2022-06-15 16:12:44.097  INFO 33460 --- [restartedMain] .ConditionEvaluationDeltaLoggingListener : Condition evaluation unchanged
2022-06-15 16:12:53.112  INFO 33460 --- [Thread-25] j.LocalContainerEntityManagerFactoryBean : Closing JPA EntityManagerFactory for persistence unit 'default'
2022-06-15 16:12:53.322  WARN 33460 --- [Thread-25] o.s.b.f.support.DisposableBeanAdapter    : Invocation of destroy method failed on bean with name 'inMemoryDatabaseShutdownExecutor': org.h2.jdbc.JdbcSQLNonTransientConnectionException: Database is already closed (to disable automatic closing at VM shutdown, add ";DB_CLOSE_ON_EXIT=FALSE" to the db URL) [90121-200]
2022-06-15 16:12:53.322  INFO 33460 --- [Thread-25] com.zaxxer.hikari.HikariDataSource       : HikariPool-6 - Shutdown initiated...
2022-06-15 16:12:53.335  INFO 33460 --- [Thread-25] com.zaxxer.hikari.HikariDataSource       : HikariPool-6 - Shutdown completed.
2022-06-15 16:12:53.608  INFO 33460 --- [restartedMain] b.c.j.d.DiabeteshopJosildaApplication    : Starting DiabeteshopJosildaApplication using Java 1.8.0_332 on Josilda with PID 33460 (C:\Users\josil\OneDrive\Documentos\GitHub\pweb_2021.2_josildaGomes\diabeteshop_josilda\target\classes started by josil in C:\Users\josil\OneDrive\Documentos\GitHub\pweb_2021.2_josildaGomes\diabeteshop_josilda)
2022-06-15 16:12:53.609  INFO 33460 --- [restartedMain] b.c.j.d.DiabeteshopJosildaApplication    : No active profile set, falling back to 1 default profile: "default"
2022-06-15 16:12:54.167  INFO 33460 --- [restartedMain] .s.d.r.c.RepositoryConfigurationDelegate : Bootstrapping Spring Data JPA repositories in DEFAULT mode.
2022-06-15 16:12:54.229  INFO 33460 --- [restartedMain] .s.d.r.c.RepositoryConfigurationDelegate : Finished Spring Data repository scanning in 27 ms. Found 2 JPA repository interfaces.
2022-06-15 16:12:54.558  INFO 33460 --- [restartedMain] o.s.b.w.embedded.tomcat.TomcatWebServer  : Tomcat initialized with port(s): 8080 (http)
2022-06-15 16:12:54.563  INFO 33460 --- [restartedMain] o.apache.catalina.core.StandardService   : Starting service [Tomcat]
2022-06-15 16:12:54.564  INFO 33460 --- [restartedMain] org.apache.catalina.core.StandardEngine  : Starting Servlet engine: [Apache Tomcat/9.0.62]
2022-06-15 16:12:54.581  INFO 33460 --- [restartedMain] o.a.c.c.C.[Tomcat].[localhost].[/]       : Initializing Spring embedded WebApplicationContext
2022-06-15 16:12:54.581  INFO 33460 --- [restartedMain] w.s.c.ServletWebServerApplicationContext : Root WebApplicationContext: initialization completed in 966 ms
2022-06-15 16:12:54.593  INFO 33460 --- [restartedMain] com.zaxxer.hikari.HikariDataSource       : HikariPool-7 - Starting...
2022-06-15 16:12:54.596  INFO 33460 --- [restartedMain] com.zaxxer.hikari.HikariDataSource       : HikariPool-7 - Start completed.
2022-06-15 16:12:54.596  INFO 33460 --- [restartedMain] o.s.b.a.h2.H2ConsoleAutoConfiguration    : H2 console available at '/h2-console'. Database available at 'jdbc:h2:mem:diabeteshop'
2022-06-15 16:12:54.735  INFO 33460 --- [restartedMain] j.LocalContainerEntityManagerFactoryBean : Initialized JPA EntityManagerFactory for persistence unit 'default'
2022-06-15 16:12:54.949  INFO 33460 --- [restartedMain] o.s.b.a.w.s.WelcomePageHandlerMapping    : Adding welcome page template: index
2022-06-15 16:12:55.028  INFO 33460 --- [restartedMain] o.s.b.d.a.OptionalLiveReloadServer       : LiveReload server is running on port 35729
2022-06-15 16:12:55.039  INFO 33460 --- [restartedMain] o.s.b.w.embedded.tomcat.TomcatWebServer  : Tomcat started on port(s): 8080 (http) with context path ''
2022-06-15 16:12:55.047  INFO 33460 --- [restartedMain] b.c.j.d.DiabeteshopJosildaApplication    : Started DiabeteshopJosildaApplication in 1.495 seconds (JVM running for 286.403)
2022-06-15 16:12:55.049  INFO 33460 --- [restartedMain] .ConditionEvaluationDeltaLoggingListener : Condition evaluation unchanged
2022-06-15 16:12:56.680  INFO 33460 --- [Thread-29] j.LocalContainerEntityManagerFactoryBean : Closing JPA EntityManagerFactory for persistence unit 'default'
2022-06-15 16:12:56.896  WARN 33460 --- [Thread-29] o.s.b.f.support.DisposableBeanAdapter    : Invocation of destroy method failed on bean with name 'inMemoryDatabaseShutdownExecutor': org.h2.jdbc.JdbcSQLNonTransientConnectionException: Database is already closed (to disable automatic closing at VM shutdown, add ";DB_CLOSE_ON_EXIT=FALSE" to the db URL) [90121-200]
2022-06-15 16:12:56.898  INFO 33460 --- [Thread-29] com.zaxxer.hikari.HikariDataSource       : HikariPool-7 - Shutdown initiated...
2022-06-15 16:12:56.899  INFO 33460 --- [Thread-29] com.zaxxer.hikari.HikariDataSource       : HikariPool-7 - Shutdown completed.
2022-06-15 16:12:57.108  INFO 33460 --- [restartedMain] b.c.j.d.DiabeteshopJosildaApplication    : Starting DiabeteshopJosildaApplication using Java 1.8.0_332 on Josilda with PID 33460 (C:\Users\josil\OneDrive\Documentos\GitHub\pweb_2021.2_josildaGomes\diabeteshop_josilda\target\classes started by josil in C:\Users\josil\OneDrive\Documentos\GitHub\pweb_2021.2_josildaGomes\diabeteshop_josilda)
2022-06-15 16:12:57.109  INFO 33460 --- [restartedMain] b.c.j.d.DiabeteshopJosildaApplication    : No active profile set, falling back to 1 default profile: "default"
2022-06-15 16:12:57.481  INFO 33460 --- [restartedMain] .s.d.r.c.RepositoryConfigurationDelegate : Bootstrapping Spring Data JPA repositories in DEFAULT mode.
2022-06-15 16:12:57.500  INFO 33460 --- [restartedMain] .s.d.r.c.RepositoryConfigurationDelegate : Finished Spring Data repository scanning in 18 ms. Found 2 JPA repository interfaces.
2022-06-15 16:12:57.932  INFO 33460 --- [restartedMain] o.s.b.w.embedded.tomcat.TomcatWebServer  : Tomcat initialized with port(s): 8080 (http)
2022-06-15 16:12:57.935  INFO 33460 --- [restartedMain] o.apache.catalina.core.StandardService   : Starting service [Tomcat]
2022-06-15 16:12:57.935  INFO 33460 --- [restartedMain] org.apache.catalina.core.StandardEngine  : Starting Servlet engine: [Apache Tomcat/9.0.62]
2022-06-15 16:12:57.947  INFO 33460 --- [restartedMain] o.a.c.c.C.[Tomcat].[localhost].[/]       : Initializing Spring embedded WebApplicationContext
2022-06-15 16:12:57.947  INFO 33460 --- [restartedMain] w.s.c.ServletWebServerApplicationContext : Root WebApplicationContext: initialization completed in 835 ms
2022-06-15 16:12:57.959  INFO 33460 --- [restartedMain] com.zaxxer.hikari.HikariDataSource       : HikariPool-8 - Starting...
2022-06-15 16:12:57.965  INFO 33460 --- [restartedMain] com.zaxxer.hikari.HikariDataSource       : HikariPool-8 - Start completed.
2022-06-15 16:12:57.966  INFO 33460 --- [restartedMain] o.s.b.a.h2.H2ConsoleAutoConfiguration    : H2 console available at '/h2-console'. Database available at 'jdbc:h2:mem:diabeteshop'
2022-06-15 16:12:58.064  INFO 33460 --- [restartedMain] j.LocalContainerEntityManagerFactoryBean : Initialized JPA EntityManagerFactory for persistence unit 'default'
2022-06-15 16:12:58.419  INFO 33460 --- [restartedMain] o.s.b.a.w.s.WelcomePageHandlerMapping    : Adding welcome page template: index
2022-06-15 16:12:58.494  INFO 33460 --- [restartedMain] o.s.b.d.a.OptionalLiveReloadServer       : LiveReload server is running on port 35729
2022-06-15 16:12:58.501  INFO 33460 --- [restartedMain] o.s.b.w.embedded.tomcat.TomcatWebServer  : Tomcat started on port(s): 8080 (http) with context path ''
2022-06-15 16:12:58.505  INFO 33460 --- [restartedMain] b.c.j.d.DiabeteshopJosildaApplication    : Started DiabeteshopJosildaApplication in 1.449 seconds (JVM running for 289.861)
2022-06-15 16:12:58.522  INFO 33460 --- [restartedMain] .ConditionEvaluationDeltaLoggingListener : Condition evaluation unchanged
2022-06-15 16:13:00.265  INFO 33460 --- [Thread-33] j.LocalContainerEntityManagerFactoryBean : Closing JPA EntityManagerFactory for persistence unit 'default'
2022-06-15 16:13:00.497  WARN 33460 --- [Thread-33] o.s.b.f.support.DisposableBeanAdapter    : Invocation of destroy method failed on bean with name 'inMemoryDatabaseShutdownExecutor': org.h2.jdbc.JdbcSQLNonTransientConnectionException: Database is already closed (to disable automatic closing at VM shutdown, add ";DB_CLOSE_ON_EXIT=FALSE" to the db URL) [90121-200]
2022-06-15 16:13:00.501  INFO 33460 --- [Thread-33] com.zaxxer.hikari.HikariDataSource       : HikariPool-8 - Shutdown initiated...
2022-06-15 16:13:00.503  INFO 33460 --- [Thread-33] com.zaxxer.hikari.HikariDataSource       : HikariPool-8 - Shutdown completed.
2022-06-15 16:13:00.780  INFO 33460 --- [restartedMain] b.c.j.d.DiabeteshopJosildaApplication    : Starting DiabeteshopJosildaApplication using Java 1.8.0_332 on Josilda with PID 33460 (C:\Users\josil\OneDrive\Documentos\GitHub\pweb_2021.2_josildaGomes\diabeteshop_josilda\target\classes started by josil in C:\Users\josil\OneDrive\Documentos\GitHub\pweb_2021.2_josildaGomes\diabeteshop_josilda)
2022-06-15 16:13:00.787  INFO 33460 --- [restartedMain] b.c.j.d.DiabeteshopJosildaApplication    : No active profile set, falling back to 1 default profile: "default"
2022-06-15 16:13:01.052  INFO 33460 --- [restartedMain] .s.d.r.c.RepositoryConfigurationDelegate : Bootstrapping Spring Data JPA repositories in DEFAULT mode.
2022-06-15 16:13:01.069  INFO 33460 --- [restartedMain] .s.d.r.c.RepositoryConfigurationDelegate : Finished Spring Data repository scanning in 16 ms. Found 2 JPA repository interfaces.
2022-06-15 16:13:01.156  INFO 33460 --- [restartedMain] o.s.b.w.embedded.tomcat.TomcatWebServer  : Tomcat initialized with port(s): 8080 (http)
2022-06-15 16:13:01.158  INFO 33460 --- [restartedMain] o.apache.catalina.core.StandardService   : Starting service [Tomcat]
2022-06-15 16:13:01.158  INFO 33460 --- [restartedMain] org.apache.catalina.core.StandardEngine  : Starting Servlet engine: [Apache Tomcat/9.0.62]
2022-06-15 16:13:01.188  INFO 33460 --- [restartedMain] o.a.c.c.C.[Tomcat].[localhost].[/]       : Initializing Spring embedded WebApplicationContext
2022-06-15 16:13:01.188  INFO 33460 --- [restartedMain] w.s.c.ServletWebServerApplicationContext : Root WebApplicationContext: initialization completed in 393 ms
2022-06-15 16:13:01.205  INFO 33460 --- [restartedMain] com.zaxxer.hikari.HikariDataSource       : HikariPool-9 - Starting...
2022-06-15 16:13:01.209  INFO 33460 --- [restartedMain] com.zaxxer.hikari.HikariDataSource       : HikariPool-9 - Start completed.
2022-06-15 16:13:01.210  INFO 33460 --- [restartedMain] o.s.b.a.h2.H2ConsoleAutoConfiguration    : H2 console available at '/h2-console'. Database available at 'jdbc:h2:mem:diabeteshop'
2022-06-15 16:13:01.353  INFO 33460 --- [restartedMain] j.LocalContainerEntityManagerFactoryBean : Initialized JPA EntityManagerFactory for persistence unit 'default'
2022-06-15 16:13:01.523  INFO 33460 --- [restartedMain] o.s.b.a.w.s.WelcomePageHandlerMapping    : Adding welcome page template: index
2022-06-15 16:13:01.569  INFO 33460 --- [restartedMain] o.s.b.d.a.OptionalLiveReloadServer       : LiveReload server is running on port 35729
2022-06-15 16:13:01.592  INFO 33460 --- [restartedMain] o.s.b.w.embedded.tomcat.TomcatWebServer  : Tomcat started on port(s): 8080 (http) with context path ''
2022-06-15 16:13:01.616  INFO 33460 --- [restartedMain] b.c.j.d.DiabeteshopJosildaApplication    : Started DiabeteshopJosildaApplication in 0.864 seconds (JVM running for 292.972)
2022-06-15 16:13:01.618  INFO 33460 --- [restartedMain] .ConditionEvaluationDeltaLoggingListener : Condition evaluation unchanged
2022-06-15 16:13:05.407  INFO 33460 --- [Thread-37] j.LocalContainerEntityManagerFactoryBean : Closing JPA EntityManagerFactory for persistence unit 'default'
2022-06-15 16:13:05.638  WARN 33460 --- [Thread-37] o.s.b.f.support.DisposableBeanAdapter    : Invocation of destroy method failed on bean with name 'inMemoryDatabaseShutdownExecutor': org.h2.jdbc.JdbcSQLNonTransientConnectionException: Database is already closed (to disable automatic closing at VM shutdown, add ";DB_CLOSE_ON_EXIT=FALSE" to the db URL) [90121-200]
2022-06-15 16:13:05.639  INFO 33460 --- [Thread-37] com.zaxxer.hikari.HikariDataSource       : HikariPool-9 - Shutdown initiated...
2022-06-15 16:13:05.641  INFO 33460 --- [Thread-37] com.zaxxer.hikari.HikariDataSource       : HikariPool-9 - Shutdown completed.
2022-06-15 16:13:05.820  INFO 33460 --- [restartedMain] b.c.j.d.DiabeteshopJosildaApplication    : Starting DiabeteshopJosildaApplication using Java 1.8.0_332 on Josilda with PID 33460 (C:\Users\josil\OneDrive\Documentos\GitHub\pweb_2021.2_josildaGomes\diabeteshop_josilda\target\classes started by josil in C:\Users\josil\OneDrive\Documentos\GitHub\pweb_2021.2_josildaGomes\diabeteshop_josilda)
2022-06-15 16:13:05.821  INFO 33460 --- [restartedMain] b.c.j.d.DiabeteshopJosildaApplication    : No active profile set, falling back to 1 default profile: "default"
2022-06-15 16:13:06.104  INFO 33460 --- [restartedMain] .s.d.r.c.RepositoryConfigurationDelegate : Bootstrapping Spring Data JPA repositories in DEFAULT mode.
2022-06-15 16:13:06.129  INFO 33460 --- [restartedMain] .s.d.r.c.RepositoryConfigurationDelegate : Finished Spring Data repository scanning in 23 ms. Found 2 JPA repository interfaces.
2022-06-15 16:13:06.363  INFO 33460 --- [restartedMain] o.s.b.w.embedded.tomcat.TomcatWebServer  : Tomcat initialized with port(s): 8080 (http)
2022-06-15 16:13:06.364  INFO 33460 --- [restartedMain] o.apache.catalina.core.StandardService   : Starting service [Tomcat]
2022-06-15 16:13:06.364  INFO 33460 --- [restartedMain] org.apache.catalina.core.StandardEngine  : Starting Servlet engine: [Apache Tomcat/9.0.62]
2022-06-15 16:13:06.384  INFO 33460 --- [restartedMain] o.a.c.c.C.[Tomcat].[localhost].[/]       : Initializing Spring embedded WebApplicationContext
2022-06-15 16:13:06.384  INFO 33460 --- [restartedMain] w.s.c.ServletWebServerApplicationContext : Root WebApplicationContext: initialization completed in 560 ms
2022-06-15 16:13:06.407  INFO 33460 --- [restartedMain] com.zaxxer.hikari.HikariDataSource       : HikariPool-10 - Starting...
2022-06-15 16:13:06.411  INFO 33460 --- [restartedMain] com.zaxxer.hikari.HikariDataSource       : HikariPool-10 - Start completed.
2022-06-15 16:13:06.412  INFO 33460 --- [restartedMain] o.s.b.a.h2.H2ConsoleAutoConfiguration    : H2 console available at '/h2-console'. Database available at 'jdbc:h2:mem:diabeteshop'
2022-06-15 16:13:06.577  INFO 33460 --- [restartedMain] j.LocalContainerEntityManagerFactoryBean : Initialized JPA EntityManagerFactory for persistence unit 'default'
2022-06-15 16:13:06.909  INFO 33460 --- [restartedMain] o.s.b.a.w.s.WelcomePageHandlerMapping    : Adding welcome page template: index
2022-06-15 16:13:07.037  INFO 33460 --- [restartedMain] o.s.b.d.a.OptionalLiveReloadServer       : LiveReload server is running on port 35729
2022-06-15 16:13:07.064  INFO 33460 --- [restartedMain] o.s.b.w.embedded.tomcat.TomcatWebServer  : Tomcat started on port(s): 8080 (http) with context path ''
2022-06-15 16:13:07.070  INFO 33460 --- [restartedMain] b.c.j.d.DiabeteshopJosildaApplication    : Started DiabeteshopJosildaApplication in 1.299 seconds (JVM running for 298.426)
2022-06-15 16:13:07.072  INFO 33460 --- [restartedMain] .ConditionEvaluationDeltaLoggingListener : Condition evaluation unchanged
2022-06-15 16:30:58.907  INFO 33460 --- [http-nio-8080-exec-10] o.a.c.c.C.[Tomcat].[localhost].[/]       : Initializing Spring DispatcherServlet 'dispatcherServlet'
2022-06-15 16:30:58.909  INFO 33460 --- [http-nio-8080-exec-10] o.s.web.servlet.DispatcherServlet        : Initializing Servlet 'dispatcherServlet'
2022-06-15 16:30:58.910  INFO 33460 --- [http-nio-8080-exec-10] o.s.web.servlet.DispatcherServlet        : Completed initialization in 1 ms
